CRITICAL - 2022-04-05 06:41:17 --> The framework needs the following extension(s) installed and loaded: intl.
#0 C:\xampp\htdocs\ParcialII_AngelLopez201705336\system\CodeIgniter.php(219): CodeIgniter\Exceptions\FrameworkException::forMissingExtension('intl')
#1 C:\xampp\htdocs\ParcialII_AngelLopez201705336\system\CodeIgniter.php(177): CodeIgniter\CodeIgniter->resolvePlatformExtensions()
#2 C:\xampp\htdocs\ParcialII_AngelLopez201705336\system\bootstrap.php(146): CodeIgniter\CodeIgniter->initialize()
#3 C:\xampp\htdocs\ParcialII_AngelLopez201705336\public\index.php(28): require('C:\\xampp\\htdocs...')
#4 {main}
CRITICAL - 2022-04-05 06:43:54 --> The framework needs the following extension(s) installed and loaded: intl.
#0 C:\xampp\htdocs\ParcialII_AngelLopez201705336\system\CodeIgniter.php(219): CodeIgniter\Exceptions\FrameworkException::forMissingExtension('intl')
#1 C:\xampp\htdocs\ParcialII_AngelLopez201705336\system\CodeIgniter.php(177): CodeIgniter\CodeIgniter->resolvePlatformExtensions()
#2 C:\xampp\htdocs\ParcialII_AngelLopez201705336\system\bootstrap.php(146): CodeIgniter\CodeIgniter->initialize()
#3 C:\xampp\htdocs\ParcialII_AngelLopez201705336\public\index.php(28): require('C:\\xampp\\htdocs...')
#4 {main}
CRITICAL - 2022-04-05 06:43:55 --> The framework needs the following extension(s) installed and loaded: intl.
#0 C:\xampp\htdocs\ParcialII_AngelLopez201705336\system\CodeIgniter.php(219): CodeIgniter\Exceptions\FrameworkException::forMissingExtension('intl')
#1 C:\xampp\htdocs\ParcialII_AngelLopez201705336\system\CodeIgniter.php(177): CodeIgniter\CodeIgniter->resolvePlatformExtensions()
#2 C:\xampp\htdocs\ParcialII_AngelLopez201705336\system\bootstrap.php(146): CodeIgniter\CodeIgniter->initialize()
#3 C:\xampp\htdocs\ParcialII_AngelLopez201705336\public\index.php(28): require('C:\\xampp\\htdocs...')
#4 {main}
CRITICAL - 2022-04-05 06:43:55 --> The framework needs the following extension(s) installed and loaded: intl.
#0 C:\xampp\htdocs\ParcialII_AngelLopez201705336\system\CodeIgniter.php(219): CodeIgniter\Exceptions\FrameworkException::forMissingExtension('intl')
#1 C:\xampp\htdocs\ParcialII_AngelLopez201705336\system\CodeIgniter.php(177): CodeIgniter\CodeIgniter->resolvePlatformExtensions()
#2 C:\xampp\htdocs\ParcialII_AngelLopez201705336\system\bootstrap.php(146): CodeIgniter\CodeIgniter->initialize()
#3 C:\xampp\htdocs\ParcialII_AngelLopez201705336\public\index.php(28): require('C:\\xampp\\htdocs...')
#4 {main}
CRITICAL - 2022-04-05 06:43:55 --> The framework needs the following extension(s) installed and loaded: intl.
#0 C:\xampp\htdocs\ParcialII_AngelLopez201705336\system\CodeIgniter.php(219): CodeIgniter\Exceptions\FrameworkException::forMissingExtension('intl')
#1 C:\xampp\htdocs\ParcialII_AngelLopez201705336\system\CodeIgniter.php(177): CodeIgniter\CodeIgniter->resolvePlatformExtensions()
#2 C:\xampp\htdocs\ParcialII_AngelLopez201705336\system\bootstrap.php(146): CodeIgniter\CodeIgniter->initialize()
#3 C:\xampp\htdocs\ParcialII_AngelLopez201705336\public\index.php(28): require('C:\\xampp\\htdocs...')
#4 {main}
CRITICAL - 2022-04-05 06:43:56 --> The framework needs the following extension(s) installed and loaded: intl.
#0 C:\xampp\htdocs\ParcialII_AngelLopez201705336\system\CodeIgniter.php(219): CodeIgniter\Exceptions\FrameworkException::forMissingExtension('intl')
#1 C:\xampp\htdocs\ParcialII_AngelLopez201705336\system\CodeIgniter.php(177): CodeIgniter\CodeIgniter->resolvePlatformExtensions()
#2 C:\xampp\htdocs\ParcialII_AngelLopez201705336\system\bootstrap.php(146): CodeIgniter\CodeIgniter->initialize()
#3 C:\xampp\htdocs\ParcialII_AngelLopez201705336\public\index.php(28): require('C:\\xampp\\htdocs...')
#4 {main}
